2012-09-29 17:32:06 Error: Fatal Error (1): Call to undefined method UsersController::session() in [/Users/waitonza/Desktop/AppFog/Healthcert/app/Controller/UsersController.php, line 10]
2012-09-29 17:32:06 Error: [FatalErrorException] Call to undefined method UsersController::session()
#0 /Users/waitonza/Desktop/AppFog/Healthcert/lib/Cake/Error/ErrorHandler.php(162): ErrorHandler::handleFatalError(1, 'Call to undefin...', '/Users/waitonza...', 10)
#1 [internal function]: ErrorHandler::handleError(1, 'Call to undefin...', '/Users/waitonza...', 10, Array)
#2 /Users/waitonza/Desktop/AppFog/Healthcert/lib/Cake/Core/App.php(926): call_user_func('ErrorHandler::h...', 1, 'Call to undefin...', '/Users/waitonza...', 10, Array)
#3 /Users/waitonza/Desktop/AppFog/Healthcert/lib/Cake/Core/App.php(899): App::_checkFatalError()
#4 [internal function]: App::shutdown()
#5 {main}
2012-09-29 17:32:21 Error: Fatal Error (1): Call to a member function session() on a non-object in [/Users/waitonza/Desktop/AppFog/Healthcert/app/Controller/UsersController.php, line 10]
2012-09-29 17:32:21 Error: [FatalErrorException] Call to a member function session() on a non-object
#0 /Users/waitonza/Desktop/AppFog/Healthcert/lib/Cake/Error/ErrorHandler.php(162): ErrorHandler::handleFatalError(1, 'Call to a membe...', '/Users/waitonza...', 10)
#1 [internal function]: ErrorHandler::handleError(1, 'Call to a membe...', '/Users/waitonza...', 10, Array)
#2 /Users/waitonza/Desktop/AppFog/Healthcert/lib/Cake/Core/App.php(926): call_user_func('ErrorHandler::h...', 1, 'Call to a membe...', '/Users/waitonza...', 10, Array)
#3 /Users/waitonza/Desktop/AppFog/Healthcert/lib/Cake/Core/App.php(899): App::_checkFatalError()
#4 [internal function]: App::shutdown()
#5 {main}
2012-09-29 17:32:34 Error: Fatal Error (1): Call to undefined method UsersController::setFlash() in [/Users/waitonza/Desktop/AppFog/Healthcert/app/Controller/UsersController.php, line 10]
2012-09-29 17:32:34 Error: [FatalErrorException] Call to undefined method UsersController::setFlash()
#0 /Users/waitonza/Desktop/AppFog/Healthcert/lib/Cake/Error/ErrorHandler.php(162): ErrorHandler::handleFatalError(1, 'Call to undefin...', '/Users/waitonza...', 10)
#1 [internal function]: ErrorHandler::handleError(1, 'Call to undefin...', '/Users/waitonza...', 10, Array)
#2 /Users/waitonza/Desktop/AppFog/Healthcert/lib/Cake/Core/App.php(926): call_user_func('ErrorHandler::h...', 1, 'Call to undefin...', '/Users/waitonza...', 10, Array)
#3 /Users/waitonza/Desktop/AppFog/Healthcert/lib/Cake/Core/App.php(899): App::_checkFatalError()
#4 [internal function]: App::shutdown()
#5 {main}
2012-09-29 17:32:36 Error: Fatal Error (1): Call to undefined method UsersController::setFlash() in [/Users/waitonza/Desktop/AppFog/Healthcert/app/Controller/UsersController.php, line 10]
2012-09-29 17:32:36 Error: [FatalErrorException] Call to undefined method UsersController::setFlash()
#0 /Users/waitonza/Desktop/AppFog/Healthcert/lib/Cake/Error/ErrorHandler.php(162): ErrorHandler::handleFatalError(1, 'Call to undefin...', '/Users/waitonza...', 10)
#1 [internal function]: ErrorHandler::handleError(1, 'Call to undefin...', '/Users/waitonza...', 10, Array)
#2 /Users/waitonza/Desktop/AppFog/Healthcert/lib/Cake/Core/App.php(926): call_user_func('ErrorHandler::h...', 1, 'Call to undefin...', '/Users/waitonza...', 10, Array)
#3 /Users/waitonza/Desktop/AppFog/Healthcert/lib/Cake/Core/App.php(899): App::_checkFatalError()
#4 [internal function]: App::shutdown()
#5 {main}
2012-09-29 17:32:37 Error: Fatal Error (1): Call to undefined method UsersController::setFlash() in [/Users/waitonza/Desktop/AppFog/Healthcert/app/Controller/UsersController.php, line 10]
2012-09-29 17:32:37 Error: [FatalErrorException] Call to undefined method UsersController::setFlash()
#0 /Users/waitonza/Desktop/AppFog/Healthcert/lib/Cake/Error/ErrorHandler.php(162): ErrorHandler::handleFatalError(1, 'Call to undefin...', '/Users/waitonza...', 10)
#1 [internal function]: ErrorHandler::handleError(1, 'Call to undefin...', '/Users/waitonza...', 10, Array)
#2 /Users/waitonza/Desktop/AppFog/Healthcert/lib/Cake/Core/App.php(926): call_user_func('ErrorHandler::h...', 1, 'Call to undefin...', '/Users/waitonza...', 10, Array)
#3 /Users/waitonza/Desktop/AppFog/Healthcert/lib/Cake/Core/App.php(899): App::_checkFatalError()
#4 [internal function]: App::shutdown()
#5 {main}
2012-09-29 17:32:50 Error: Fatal Error (1): Call to a member function setFlash() on a non-object in [/Users/waitonza/Desktop/AppFog/Healthcert/app/Controller/UsersController.php, line 10]
2012-09-29 17:32:50 Error: [FatalErrorException] Call to a member function setFlash() on a non-object
#0 /Users/waitonza/Desktop/AppFog/Healthcert/lib/Cake/Error/ErrorHandler.php(162): ErrorHandler::handleFatalError(1, 'Call to a membe...', '/Users/waitonza...', 10)
#1 [internal function]: ErrorHandler::handleError(1, 'Call to a membe...', '/Users/waitonza...', 10, Array)
#2 /Users/waitonza/Desktop/AppFog/Healthcert/lib/Cake/Core/App.php(926): call_user_func('ErrorHandler::h...', 1, 'Call to a membe...', '/Users/waitonza...', 10, Array)
#3 /Users/waitonza/Desktop/AppFog/Healthcert/lib/Cake/Core/App.php(899): App::_checkFatalError()
#4 [internal function]: App::shutdown()
#5 {main}
2012-09-29 17:32:51 Error: Fatal Error (1): Call to a member function setFlash() on a non-object in [/Users/waitonza/Desktop/AppFog/Healthcert/app/Controller/UsersController.php, line 10]
2012-09-29 17:32:51 Error: [FatalErrorException] Call to a member function setFlash() on a non-object
#0 /Users/waitonza/Desktop/AppFog/Healthcert/lib/Cake/Error/ErrorHandler.php(162): ErrorHandler::handleFatalError(1, 'Call to a membe...', '/Users/waitonza...', 10)
#1 [internal function]: ErrorHandler::handleError(1, 'Call to a membe...', '/Users/waitonza...', 10, Array)
#2 /Users/waitonza/Desktop/AppFog/Healthcert/lib/Cake/Core/App.php(926): call_user_func('ErrorHandler::h...', 1, 'Call to a membe...', '/Users/waitonza...', 10, Array)
#3 /Users/waitonza/Desktop/AppFog/Healthcert/lib/Cake/Core/App.php(899): App::_checkFatalError()
#4 [internal function]: App::shutdown()
#5 {main}
2012-09-29 17:34:01 Error: [MissingViewException] View file "/Users/waitonza/Desktop/AppFog/Healthcert/app/View/Users/index.ctp" is missing.
#0 /Users/waitonza/Desktop/AppFog/Healthcert/lib/Cake/View/View.php(472): View->_getViewFileName(NULL)
#1 /Users/waitonza/Desktop/AppFog/Healthcert/lib/Cake/Controller/Controller.php(957): View->render(NULL, NULL)
#2 /Users/waitonza/Desktop/AppFog/Healthcert/lib/Cake/Routing/Dispatcher.php(193): Controller->render()
#3 /Users/waitonza/Desktop/AppFog/Healthcert/lib/Cake/Routing/Dispatcher.php(161): Dispatcher->_invoke(Object(UsersController), Object(CakeRequest), Object(CakeResponse))
#4 /Users/waitonza/Desktop/AppFog/Healthcert/app/webroot/index.php(92): Dispatcher->dispatch(Object(CakeRequest), Object(CakeResponse))
#5 {main}
2012-09-29 17:34:28 Error: [MissingViewException] View file "/Users/waitonza/Desktop/AppFog/Healthcert/app/View/Users/index.ctp" is missing.
#0 /Users/waitonza/Desktop/AppFog/Healthcert/lib/Cake/View/View.php(472): View->_getViewFileName(NULL)
#1 /Users/waitonza/Desktop/AppFog/Healthcert/lib/Cake/Controller/Controller.php(957): View->render(NULL, NULL)
#2 /Users/waitonza/Desktop/AppFog/Healthcert/lib/Cake/Routing/Dispatcher.php(193): Controller->render()
#3 /Users/waitonza/Desktop/AppFog/Healthcert/lib/Cake/Routing/Dispatcher.php(161): Dispatcher->_invoke(Object(UsersController), Object(CakeRequest), Object(CakeResponse))
#4 /Users/waitonza/Desktop/AppFog/Healthcert/app/webroot/index.php(92): Dispatcher->dispatch(Object(CakeRequest), Object(CakeResponse))
#5 {main}
2012-09-29 17:34:35 Error: [MissingViewException] View file "/Users/waitonza/Desktop/AppFog/Healthcert/app/View/Users/index.ctp" is missing.
#0 /Users/waitonza/Desktop/AppFog/Healthcert/lib/Cake/View/View.php(472): View->_getViewFileName(NULL)
#1 /Users/waitonza/Desktop/AppFog/Healthcert/lib/Cake/Controller/Controller.php(957): View->render(NULL, NULL)
#2 /Users/waitonza/Desktop/AppFog/Healthcert/lib/Cake/Routing/Dispatcher.php(193): Controller->render()
#3 /Users/waitonza/Desktop/AppFog/Healthcert/lib/Cake/Routing/Dispatcher.php(161): Dispatcher->_invoke(Object(UsersController), Object(CakeRequest), Object(CakeResponse))
#4 /Users/waitonza/Desktop/AppFog/Healthcert/app/webroot/index.php(92): Dispatcher->dispatch(Object(CakeRequest), Object(CakeResponse))
#5 {main}
2012-09-29 17:43:12 Error: [MissingViewException] View file "/Users/waitonza/Desktop/AppFog/Healthcert/app/View/Users/index.ctp" is missing.
#0 /Users/waitonza/Desktop/AppFog/Healthcert/lib/Cake/View/View.php(472): View->_getViewFileName(NULL)
#1 /Users/waitonza/Desktop/AppFog/Healthcert/lib/Cake/Controller/Controller.php(957): View->render(NULL, NULL)
#2 /Users/waitonza/Desktop/AppFog/Healthcert/lib/Cake/Routing/Dispatcher.php(193): Controller->render()
#3 /Users/waitonza/Desktop/AppFog/Healthcert/lib/Cake/Routing/Dispatcher.php(161): Dispatcher->_invoke(Object(UsersController), Object(CakeRequest), Object(CakeResponse))
#4 /Users/waitonza/Desktop/AppFog/Healthcert/app/webroot/index.php(92): Dispatcher->dispatch(Object(CakeRequest), Object(CakeResponse))
#5 {main}
2012-09-29 17:44:03 Error: [MissingViewException] View file "/Users/waitonza/Desktop/AppFog/Healthcert/app/View/Users/index.ctp" is missing.
#0 /Users/waitonza/Desktop/AppFog/Healthcert/lib/Cake/View/View.php(472): View->_getViewFileName(NULL)
#1 /Users/waitonza/Desktop/AppFog/Healthcert/lib/Cake/Controller/Controller.php(957): View->render(NULL, NULL)
#2 /Users/waitonza/Desktop/AppFog/Healthcert/lib/Cake/Routing/Dispatcher.php(193): Controller->render()
#3 /Users/waitonza/Desktop/AppFog/Healthcert/lib/Cake/Routing/Dispatcher.php(161): Dispatcher->_invoke(Object(UsersController), Object(CakeRequest), Object(CakeResponse))
#4 /Users/waitonza/Desktop/AppFog/Healthcert/app/webroot/index.php(92): Dispatcher->dispatch(Object(CakeRequest), Object(CakeResponse))
#5 {main}
2012-09-29 17:44:21 Error: [MissingViewException] View file "/Users/waitonza/Desktop/AppFog/Healthcert/app/View/Users/index.ctp" is missing.
#0 /Users/waitonza/Desktop/AppFog/Healthcert/lib/Cake/View/View.php(472): View->_getViewFileName(NULL)
#1 /Users/waitonza/Desktop/AppFog/Healthcert/lib/Cake/Controller/Controller.php(957): View->render(NULL, NULL)
#2 /Users/waitonza/Desktop/AppFog/Healthcert/lib/Cake/Routing/Dispatcher.php(193): Controller->render()
#3 /Users/waitonza/Desktop/AppFog/Healthcert/lib/Cake/Routing/Dispatcher.php(161): Dispatcher->_invoke(Object(UsersController), Object(CakeRequest), Object(CakeResponse))
#4 /Users/waitonza/Desktop/AppFog/Healthcert/app/webroot/index.php(92): Dispatcher->dispatch(Object(CakeRequest), Object(CakeResponse))
#5 {main}
2012-09-29 17:49:10 Error: [MissingViewException] View file "/Users/waitonza/Desktop/AppFog/Healthcert/app/View/Users/index.ctp" is missing.
#0 /Users/waitonza/Desktop/AppFog/Healthcert/lib/Cake/View/View.php(472): View->_getViewFileName(NULL)
#1 /Users/waitonza/Desktop/AppFog/Healthcert/lib/Cake/Controller/Controller.php(957): View->render(NULL, NULL)
#2 /Users/waitonza/Desktop/AppFog/Healthcert/lib/Cake/Routing/Dispatcher.php(193): Controller->render()
#3 /Users/waitonza/Desktop/AppFog/Healthcert/lib/Cake/Routing/Dispatcher.php(161): Dispatcher->_invoke(Object(UsersController), Object(CakeRequest), Object(CakeResponse))
#4 /Users/waitonza/Desktop/AppFog/Healthcert/app/webroot/index.php(92): Dispatcher->dispatch(Object(CakeRequest), Object(CakeResponse))
#5 {main}
2012-09-29 18:01:22 Error: [MissingControllerException] Controller class UsetController could not be found.
#0 /Users/waitonza/Desktop/AppFog/Healthcert/app/webroot/index.php(92): Dispatcher->dispatch(Object(CakeRequest), Object(CakeResponse))
#1 {main}
2012-09-29 18:01:25 Error: [MissingControllerException] Controller class UserController could not be found.
#0 /Users/waitonza/Desktop/AppFog/Healthcert/app/webroot/index.php(92): Dispatcher->dispatch(Object(CakeRequest), Object(CakeResponse))
#1 {main}
2012-09-29 18:03:12 Error: [MissingControllerException] Controller class UsetController could not be found.
#0 /Users/waitonza/Desktop/AppFog/Healthcert/app/webroot/index.php(92): Dispatcher->dispatch(Object(CakeRequest), Object(CakeResponse))
#1 {main}
2012-09-29 18:07:32 Error: [MissingControllerException] Controller class UserController could not be found.
#0 /Users/waitonza/Desktop/AppFog/Healthcert/app/webroot/index.php(92): Dispatcher->dispatch(Object(CakeRequest), Object(CakeResponse))
#1 {main}
2012-09-29 18:13:01 Error: [MissingControllerException] Controller class UserController could not be found.
#0 /Users/waitonza/Desktop/AppFog/Healthcert/app/webroot/index.php(92): Dispatcher->dispatch(Object(CakeRequest), Object(CakeResponse))
#1 {main}
2012-09-29 18:13:55 Error: [MissingControllerException] Controller class UserController could not be found.
#0 /Users/waitonza/Desktop/AppFog/Healthcert/app/webroot/index.php(92): Dispatcher->dispatch(Object(CakeRequest), Object(CakeResponse))
#1 {main}
2012-09-29 18:14:06 Error: [MissingControllerException] Controller class UserController could not be found.
#0 /Users/waitonza/Desktop/AppFog/Healthcert/app/webroot/index.php(92): Dispatcher->dispatch(Object(CakeRequest), Object(CakeResponse))
#1 {main}
2012-09-29 18:18:23 Error: [MissingControllerException] Controller class UserController could not be found.
#0 /Users/waitonza/Desktop/AppFog/Healthcert/app/webroot/index.php(92): Dispatcher->dispatch(Object(CakeRequest), Object(CakeResponse))
#1 {main}
2012-09-29 18:18:24 Error: [MissingControllerException] Controller class UserController could not be found.
#0 /Users/waitonza/Desktop/AppFog/Healthcert/app/webroot/index.php(92): Dispatcher->dispatch(Object(CakeRequest), Object(CakeResponse))
#1 {main}
2012-09-29 18:18:27 Error: [MissingControllerException] Controller class UserController could not be found.
#0 /Users/waitonza/Desktop/AppFog/Healthcert/app/webroot/index.php(92): Dispatcher->dispatch(Object(CakeRequest), Object(CakeResponse))
#1 {main}
2012-09-29 18:18:32 Error: [MissingControllerException] Controller class UserController could not be found.
#0 /Users/waitonza/Desktop/AppFog/Healthcert/app/webroot/index.php(92): Dispatcher->dispatch(Object(CakeRequest), Object(CakeResponse))
#1 {main}
2012-09-29 18:18:49 Error: [MissingViewException] View file "/Users/waitonza/Desktop/AppFog/Healthcert/app/View/Users/index.ctp" is missing.
#0 /Users/waitonza/Desktop/AppFog/Healthcert/lib/Cake/View/View.php(472): View->_getViewFileName(NULL)
#1 /Users/waitonza/Desktop/AppFog/Healthcert/lib/Cake/Controller/Controller.php(957): View->render(NULL, NULL)
#2 /Users/waitonza/Desktop/AppFog/Healthcert/lib/Cake/Routing/Dispatcher.php(193): Controller->render()
#3 /Users/waitonza/Desktop/AppFog/Healthcert/lib/Cake/Routing/Dispatcher.php(161): Dispatcher->_invoke(Object(UsersController), Object(CakeRequest), Object(CakeResponse))
#4 /Users/waitonza/Desktop/AppFog/Healthcert/app/webroot/index.php(92): Dispatcher->dispatch(Object(CakeRequest), Object(CakeResponse))
#5 {main}
2012-09-29 18:19:56 Error: [MissingViewException] View file "/Users/waitonza/Desktop/AppFog/Healthcert/app/View/Users/index.ctp" is missing.
#0 /Users/waitonza/Desktop/AppFog/Healthcert/lib/Cake/View/View.php(472): View->_getViewFileName(NULL)
#1 /Users/waitonza/Desktop/AppFog/Healthcert/lib/Cake/Controller/Controller.php(957): View->render(NULL, NULL)
#2 /Users/waitonza/Desktop/AppFog/Healthcert/lib/Cake/Routing/Dispatcher.php(193): Controller->render()
#3 /Users/waitonza/Desktop/AppFog/Healthcert/lib/Cake/Routing/Dispatcher.php(161): Dispatcher->_invoke(Object(UsersController), Object(CakeRequest), Object(CakeResponse))
#4 /Users/waitonza/Desktop/AppFog/Healthcert/app/webroot/index.php(92): Dispatcher->dispatch(Object(CakeRequest), Object(CakeResponse))
#5 {main}
2012-09-29 18:20:00 Error: [MissingViewException] View file "/Users/waitonza/Desktop/AppFog/Healthcert/app/View/Users/index.ctp" is missing.
#0 /Users/waitonza/Desktop/AppFog/Healthcert/lib/Cake/View/View.php(472): View->_getViewFileName(NULL)
#1 /Users/waitonza/Desktop/AppFog/Healthcert/lib/Cake/Controller/Controller.php(957): View->render(NULL, NULL)
#2 /Users/waitonza/Desktop/AppFog/Healthcert/lib/Cake/Routing/Dispatcher.php(193): Controller->render()
#3 /Users/waitonza/Desktop/AppFog/Healthcert/lib/Cake/Routing/Dispatcher.php(161): Dispatcher->_invoke(Object(UsersController), Object(CakeRequest), Object(CakeResponse))
#4 /Users/waitonza/Desktop/AppFog/Healthcert/app/webroot/index.php(92): Dispatcher->dispatch(Object(CakeRequest), Object(CakeResponse))
#5 {main}
2012-09-29 18:39:39 Error: [MissingViewException] View file "/Users/waitonza/Desktop/AppFog/Healthcert/app/View/Users/index.ctp" is missing.
#0 /Users/waitonza/Desktop/AppFog/Healthcert/lib/Cake/View/View.php(472): View->_getViewFileName(NULL)
#1 /Users/waitonza/Desktop/AppFog/Healthcert/lib/Cake/Controller/Controller.php(957): View->render(NULL, NULL)
#2 /Users/waitonza/Desktop/AppFog/Healthcert/lib/Cake/Routing/Dispatcher.php(193): Controller->render()
#3 /Users/waitonza/Desktop/AppFog/Healthcert/lib/Cake/Routing/Dispatcher.php(161): Dispatcher->_invoke(Object(UsersController), Object(CakeRequest), Object(CakeResponse))
#4 /Users/waitonza/Desktop/AppFog/Healthcert/app/webroot/index.php(92): Dispatcher->dispatch(Object(CakeRequest), Object(CakeResponse))
#5 {main}
2012-09-29 18:41:48 Error: [MissingControllerException] Controller class ImagesController could not be found.
#0 /Users/waitonza/Desktop/AppFog/Healthcert/app/webroot/index.php(92): Dispatcher->dispatch(Object(CakeRequest), Object(CakeResponse))
#1 {main}
2012-09-29 18:41:48 Error: [MissingControllerException] Controller class ImagesController could not be found.
#0 /Users/waitonza/Desktop/AppFog/Healthcert/app/webroot/index.php(92): Dispatcher->dispatch(Object(CakeRequest), Object(CakeResponse))
#1 {main}
2012-09-29 18:41:48 Error: [MissingControllerException] Controller class ImagesController could not be found.
#0 /Users/waitonza/Desktop/AppFog/Healthcert/app/webroot/index.php(92): Dispatcher->dispatch(Object(CakeRequest), Object(CakeResponse))
#1 {main}
2012-09-29 18:41:48 Error: [MissingControllerException] Controller class ImagesController could not be found.
#0 /Users/waitonza/Desktop/AppFog/Healthcert/app/webroot/index.php(92): Dispatcher->dispatch(Object(CakeRequest), Object(CakeResponse))
#1 {main}
2012-09-29 18:42:02 Error: [MissingControllerException] Controller class ImagesController could not be found.
#0 /Users/waitonza/Desktop/AppFog/Healthcert/app/webroot/index.php(92): Dispatcher->dispatch(Object(CakeRequest), Object(CakeResponse))
#1 {main}
2012-09-29 18:42:02 Error: [MissingControllerException] Controller class ImagesController could not be found.
#0 /Users/waitonza/Desktop/AppFog/Healthcert/app/webroot/index.php(92): Dispatcher->dispatch(Object(CakeRequest), Object(CakeResponse))
#1 {main}
2012-09-29 18:42:02 Error: [MissingControllerException] Controller class ImagesController could not be found.
#0 /Users/waitonza/Desktop/AppFog/Healthcert/app/webroot/index.php(92): Dispatcher->dispatch(Object(CakeRequest), Object(CakeResponse))
#1 {main}
2012-09-29 18:42:02 Error: [MissingControllerException] Controller class ImagesController could not be found.
#0 /Users/waitonza/Desktop/AppFog/Healthcert/app/webroot/index.php(92): Dispatcher->dispatch(Object(CakeRequest), Object(CakeResponse))
#1 {main}
2012-09-29 18:42:02 Error: [MissingControllerException] Controller class ImagesController could not be found.
#0 /Users/waitonza/Desktop/AppFog/Healthcert/app/webroot/index.php(92): Dispatcher->dispatch(Object(CakeRequest), Object(CakeResponse))
#1 {main}
2012-09-29 18:42:02 Error: [MissingControllerException] Controller class ImagesController could not be found.
#0 /Users/waitonza/Desktop/AppFog/Healthcert/app/webroot/index.php(92): Dispatcher->dispatch(Object(CakeRequest), Object(CakeResponse))
#1 {main}
2012-09-29 18:42:02 Error: [MissingControllerException] Controller class ImagesController could not be found.
#0 /Users/waitonza/Desktop/AppFog/Healthcert/app/webroot/index.php(92): Dispatcher->dispatch(Object(CakeRequest), Object(CakeResponse))
#1 {main}
2012-09-29 18:42:02 Error: [MissingControllerException] Controller class ImagesController could not be found.
#0 /Users/waitonza/Desktop/AppFog/Healthcert/app/webroot/index.php(92): Dispatcher->dispatch(Object(CakeRequest), Object(CakeResponse))
#1 {main}
2012-09-29 18:42:02 Error: [MissingControllerException] Controller class ImagesController could not be found.
#0 /Users/waitonza/Desktop/AppFog/Healthcert/app/webroot/index.php(92): Dispatcher->dispatch(Object(CakeRequest), Object(CakeResponse))
#1 {main}
2012-09-29 18:42:02 Error: [MissingControllerException] Controller class ImagesController could not be found.
#0 /Users/waitonza/Desktop/AppFog/Healthcert/app/webroot/index.php(92): Dispatcher->dispatch(Object(CakeRequest), Object(CakeResponse))
#1 {main}
2012-09-29 18:42:08 Error: [MissingControllerException] Controller class ImagesController could not be found.
#0 /Users/waitonza/Desktop/AppFog/Healthcert/app/webroot/index.php(92): Dispatcher->dispatch(Object(CakeRequest), Object(CakeResponse))
#1 {main}
2012-09-29 18:42:08 Error: [MissingControllerException] Controller class ImagesController could not be found.
#0 /Users/waitonza/Desktop/AppFog/Healthcert/app/webroot/index.php(92): Dispatcher->dispatch(Object(CakeRequest), Object(CakeResponse))
#1 {main}
2012-09-29 18:42:08 Error: [MissingControllerException] Controller class ImagesController could not be found.
#0 /Users/waitonza/Desktop/AppFog/Healthcert/app/webroot/index.php(92): Dispatcher->dispatch(Object(CakeRequest), Object(CakeResponse))
#1 {main}
2012-09-29 18:42:08 Error: [MissingControllerException] Controller class ImagesController could not be found.
#0 /Users/waitonza/Desktop/AppFog/Healthcert/app/webroot/index.php(92): Dispatcher->dispatch(Object(CakeRequest), Object(CakeResponse))
#1 {main}
2012-09-29 18:42:12 Error: [MissingControllerException] Controller class ImagesController could not be found.
#0 /Users/waitonza/Desktop/AppFog/Healthcert/app/webroot/index.php(92): Dispatcher->dispatch(Object(CakeRequest), Object(CakeResponse))
#1 {main}
2012-09-29 18:42:12 Error: [MissingControllerException] Controller class ImagesController could not be found.
#0 /Users/waitonza/Desktop/AppFog/Healthcert/app/webroot/index.php(92): Dispatcher->dispatch(Object(CakeRequest), Object(CakeResponse))
#1 {main}
2012-09-30 02:22:23 Error: Fatal Error (4): syntax error, unexpected '->' (T_OBJECT_OPERATOR), expecting ')' in [/Users/waitonza/Desktop/AppFog/Healthcert/app/View/Users/index.ctp, line 30]
2012-09-30 02:22:23 Error: [FatalErrorException] syntax error, unexpected '->' (T_OBJECT_OPERATOR), expecting ')'
#0 /Users/waitonza/Desktop/AppFog/Healthcert/lib/Cake/Error/ErrorHandler.php(162): ErrorHandler::handleFatalError(4, 'syntax error, u...', '/Users/waitonza...', 30)
#1 [internal function]: ErrorHandler::handleError(4, 'syntax error, u...', '/Users/waitonza...', 30, Array)
#2 /Users/waitonza/Desktop/AppFog/Healthcert/lib/Cake/Core/App.php(926): call_user_func('ErrorHandler::h...', 4, 'syntax error, u...', '/Users/waitonza...', 30, Array)
#3 /Users/waitonza/Desktop/AppFog/Healthcert/lib/Cake/Core/App.php(899): App::_checkFatalError()
#4 [internal function]: App::shutdown()
#5 {main}
2012-09-30 02:22:25 Error: Fatal Error (4): syntax error, unexpected '->' (T_OBJECT_OPERATOR), expecting ')' in [/Users/waitonza/Desktop/AppFog/Healthcert/app/View/Users/index.ctp, line 30]
2012-09-30 02:22:25 Error: [FatalErrorException] syntax error, unexpected '->' (T_OBJECT_OPERATOR), expecting ')'
#0 /Users/waitonza/Desktop/AppFog/Healthcert/lib/Cake/Error/ErrorHandler.php(162): ErrorHandler::handleFatalError(4, 'syntax error, u...', '/Users/waitonza...', 30)
#1 [internal function]: ErrorHandler::handleError(4, 'syntax error, u...', '/Users/waitonza...', 30, Array)
#2 /Users/waitonza/Desktop/AppFog/Healthcert/lib/Cake/Core/App.php(926): call_user_func('ErrorHandler::h...', 4, 'syntax error, u...', '/Users/waitonza...', 30, Array)
#3 /Users/waitonza/Desktop/AppFog/Healthcert/lib/Cake/Core/App.php(899): App::_checkFatalError()
#4 [internal function]: App::shutdown()
#5 {main}
2012-09-30 02:22:42 Error: Fatal Error (4): syntax error, unexpected '->' (T_OBJECT_OPERATOR), expecting ')' in [/Users/waitonza/Desktop/AppFog/Healthcert/app/View/Users/index.ctp, line 30]
2012-09-30 02:22:42 Error: [FatalErrorException] syntax error, unexpected '->' (T_OBJECT_OPERATOR), expecting ')'
#0 /Users/waitonza/Desktop/AppFog/Healthcert/lib/Cake/Error/ErrorHandler.php(162): ErrorHandler::handleFatalError(4, 'syntax error, u...', '/Users/waitonza...', 30)
#1 [internal function]: ErrorHandler::handleError(4, 'syntax error, u...', '/Users/waitonza...', 30, Array)
#2 /Users/waitonza/Desktop/AppFog/Healthcert/lib/Cake/Core/App.php(926): call_user_func('ErrorHandler::h...', 4, 'syntax error, u...', '/Users/waitonza...', 30, Array)
#3 /Users/waitonza/Desktop/AppFog/Healthcert/lib/Cake/Core/App.php(899): App::_checkFatalError()
#4 [internal function]: App::shutdown()
#5 {main}
2012-09-30 02:22:54 Error: Fatal Error (4): syntax error, unexpected '->' (T_OBJECT_OPERATOR), expecting ')' in [/Users/waitonza/Desktop/AppFog/Healthcert/app/View/Users/index.ctp, line 30]
2012-09-30 02:22:54 Error: [FatalErrorException] syntax error, unexpected '->' (T_OBJECT_OPERATOR), expecting ')'
#0 /Users/waitonza/Desktop/AppFog/Healthcert/lib/Cake/Error/ErrorHandler.php(162): ErrorHandler::handleFatalError(4, 'syntax error, u...', '/Users/waitonza...', 30)
#1 [internal function]: ErrorHandler::handleError(4, 'syntax error, u...', '/Users/waitonza...', 30, Array)
#2 /Users/waitonza/Desktop/AppFog/Healthcert/lib/Cake/Core/App.php(926): call_user_func('ErrorHandler::h...', 4, 'syntax error, u...', '/Users/waitonza...', 30, Array)
#3 /Users/waitonza/Desktop/AppFog/Healthcert/lib/Cake/Core/App.php(899): App::_checkFatalError()
#4 [internal function]: App::shutdown()
#5 {main}
2012-09-30 02:22:55 Error: Fatal Error (4): syntax error, unexpected '->' (T_OBJECT_OPERATOR), expecting ')' in [/Users/waitonza/Desktop/AppFog/Healthcert/app/View/Users/index.ctp, line 30]
2012-09-30 02:22:55 Error: [FatalErrorException] syntax error, unexpected '->' (T_OBJECT_OPERATOR), expecting ')'
#0 /Users/waitonza/Desktop/AppFog/Healthcert/lib/Cake/Error/ErrorHandler.php(162): ErrorHandler::handleFatalError(4, 'syntax error, u...', '/Users/waitonza...', 30)
#1 [internal function]: ErrorHandler::handleError(4, 'syntax error, u...', '/Users/waitonza...', 30, Array)
#2 /Users/waitonza/Desktop/AppFog/Healthcert/lib/Cake/Core/App.php(926): call_user_func('ErrorHandler::h...', 4, 'syntax error, u...', '/Users/waitonza...', 30, Array)
#3 /Users/waitonza/Desktop/AppFog/Healthcert/lib/Cake/Core/App.php(899): App::_checkFatalError()
#4 [internal function]: App::shutdown()
#5 {main}
2012-09-30 02:22:56 Error: Fatal Error (4): syntax error, unexpected '->' (T_OBJECT_OPERATOR), expecting ')' in [/Users/waitonza/Desktop/AppFog/Healthcert/app/View/Users/index.ctp, line 30]
2012-09-30 02:22:56 Error: [FatalErrorException] syntax error, unexpected '->' (T_OBJECT_OPERATOR), expecting ')'
#0 /Users/waitonza/Desktop/AppFog/Healthcert/lib/Cake/Error/ErrorHandler.php(162): ErrorHandler::handleFatalError(4, 'syntax error, u...', '/Users/waitonza...', 30)
#1 [internal function]: ErrorHandler::handleError(4, 'syntax error, u...', '/Users/waitonza...', 30, Array)
#2 /Users/waitonza/Desktop/AppFog/Healthcert/lib/Cake/Core/App.php(926): call_user_func('ErrorHandler::h...', 4, 'syntax error, u...', '/Users/waitonza...', 30, Array)
#3 /Users/waitonza/Desktop/AppFog/Healthcert/lib/Cake/Core/App.php(899): App::_checkFatalError()
#4 [internal function]: App::shutdown()
#5 {main}
2012-09-30 02:23:08 Error: Fatal Error (4): syntax error, unexpected '=', expecting ')' in [/Users/waitonza/Desktop/AppFog/Healthcert/app/View/Users/index.ctp, line 30]
2012-09-30 02:23:08 Error: [FatalErrorException] syntax error, unexpected '=', expecting ')'
#0 /Users/waitonza/Desktop/AppFog/Healthcert/lib/Cake/Error/ErrorHandler.php(162): ErrorHandler::handleFatalError(4, 'syntax error, u...', '/Users/waitonza...', 30)
#1 [internal function]: ErrorHandler::handleError(4, 'syntax error, u...', '/Users/waitonza...', 30, Array)
#2 /Users/waitonza/Desktop/AppFog/Healthcert/lib/Cake/Core/App.php(926): call_user_func('ErrorHandler::h...', 4, 'syntax error, u...', '/Users/waitonza...', 30, Array)
#3 /Users/waitonza/Desktop/AppFog/Healthcert/lib/Cake/Core/App.php(899): App::_checkFatalError()
#4 [internal function]: App::shutdown()
#5 {main}
2012-09-30 02:23:09 Error: Fatal Error (4): syntax error, unexpected '=', expecting ')' in [/Users/waitonza/Desktop/AppFog/Healthcert/app/View/Users/index.ctp, line 30]
2012-09-30 02:23:09 Error: [FatalErrorException] syntax error, unexpected '=', expecting ')'
#0 /Users/waitonza/Desktop/AppFog/Healthcert/lib/Cake/Error/ErrorHandler.php(162): ErrorHandler::handleFatalError(4, 'syntax error, u...', '/Users/waitonza...', 30)
#1 [internal function]: ErrorHandler::handleError(4, 'syntax error, u...', '/Users/waitonza...', 30, Array)
#2 /Users/waitonza/Desktop/AppFog/Healthcert/lib/Cake/Core/App.php(926): call_user_func('ErrorHandler::h...', 4, 'syntax error, u...', '/Users/waitonza...', 30, Array)
#3 /Users/waitonza/Desktop/AppFog/Healthcert/lib/Cake/Core/App.php(899): App::_checkFatalError()
#4 [internal function]: App::shutdown()
#5 {main}
2012-09-30 02:23:41 Error: [MissingViewException] View file "/Users/waitonza/Desktop/AppFog/Healthcert/app/View/Users/export_regis.ctp" is missing.
#0 /Users/waitonza/Desktop/AppFog/Healthcert/lib/Cake/View/View.php(472): View->_getViewFileName(NULL)
#1 /Users/waitonza/Desktop/AppFog/Healthcert/lib/Cake/Controller/Controller.php(957): View->render(NULL, NULL)
#2 /Users/waitonza/Desktop/AppFog/Healthcert/lib/Cake/Routing/Dispatcher.php(193): Controller->render()
#3 /Users/waitonza/Desktop/AppFog/Healthcert/lib/Cake/Routing/Dispatcher.php(161): Dispatcher->_invoke(Object(UsersController), Object(CakeRequest), Object(CakeResponse))
#4 /Users/waitonza/Desktop/AppFog/Healthcert/app/webroot/index.php(92): Dispatcher->dispatch(Object(CakeRequest), Object(CakeResponse))
#5 {main}
2012-09-30 02:23:41 Error: [MissingActionException] Action UsersController::img() could not be found.
#0 /Users/waitonza/Desktop/AppFog/Healthcert/lib/Cake/Routing/Dispatcher.php(186): Controller->invokeAction(Object(CakeRequest))
#1 /Users/waitonza/Desktop/AppFog/Healthcert/lib/Cake/Routing/Dispatcher.php(161): Dispatcher->_invoke(Object(UsersController), Object(CakeRequest), Object(CakeResponse))
#2 /Users/waitonza/Desktop/AppFog/Healthcert/app/webroot/index.php(92): Dispatcher->dispatch(Object(CakeRequest), Object(CakeResponse))
#3 {main}
2012-09-30 02:23:55 Error: [MissingViewException] View file "/Users/waitonza/Desktop/AppFog/Healthcert/app/View/Users/export_regis.ctp" is missing.
#0 /Users/waitonza/Desktop/AppFog/Healthcert/lib/Cake/View/View.php(472): View->_getViewFileName(NULL)
#1 /Users/waitonza/Desktop/AppFog/Healthcert/lib/Cake/Controller/Controller.php(957): View->render(NULL, NULL)
#2 /Users/waitonza/Desktop/AppFog/Healthcert/lib/Cake/Routing/Dispatcher.php(193): Controller->render()
#3 /Users/waitonza/Desktop/AppFog/Healthcert/lib/Cake/Routing/Dispatcher.php(161): Dispatcher->_invoke(Object(UsersController), Object(CakeRequest), Object(CakeResponse))
#4 /Users/waitonza/Desktop/AppFog/Healthcert/app/webroot/index.php(92): Dispatcher->dispatch(Object(CakeRequest), Object(CakeResponse))
#5 {main}
2012-09-30 02:23:55 Error: [MissingActionException] Action UsersController::img() could not be found.
#0 /Users/waitonza/Desktop/AppFog/Healthcert/lib/Cake/Routing/Dispatcher.php(186): Controller->invokeAction(Object(CakeRequest))
#1 /Users/waitonza/Desktop/AppFog/Healthcert/lib/Cake/Routing/Dispatcher.php(161): Dispatcher->_invoke(Object(UsersController), Object(CakeRequest), Object(CakeResponse))
#2 /Users/waitonza/Desktop/AppFog/Healthcert/app/webroot/index.php(92): Dispatcher->dispatch(Object(CakeRequest), Object(CakeResponse))
#3 {main}
2012-09-30 02:25:02 Error: [MissingViewException] View file "/Users/waitonza/Desktop/AppFog/Healthcert/app/View/Users/export_regis.ctp" is missing.
#0 /Users/waitonza/Desktop/AppFog/Healthcert/lib/Cake/View/View.php(472): View->_getViewFileName(NULL)
#1 /Users/waitonza/Desktop/AppFog/Healthcert/lib/Cake/Controller/Controller.php(957): View->render(NULL, NULL)
#2 /Users/waitonza/Desktop/AppFog/Healthcert/lib/Cake/Routing/Dispatcher.php(193): Controller->render()
#3 /Users/waitonza/Desktop/AppFog/Healthcert/lib/Cake/Routing/Dispatcher.php(161): Dispatcher->_invoke(Object(UsersController), Object(CakeRequest), Object(CakeResponse))
#4 /Users/waitonza/Desktop/AppFog/Healthcert/app/webroot/index.php(92): Dispatcher->dispatch(Object(CakeRequest), Object(CakeResponse))
#5 {main}
2012-09-30 02:25:02 Error: [MissingActionException] Action UsersController::img() could not be found.
#0 /Users/waitonza/Desktop/AppFog/Healthcert/lib/Cake/Routing/Dispatcher.php(186): Controller->invokeAction(Object(CakeRequest))
#1 /Users/waitonza/Desktop/AppFog/Healthcert/lib/Cake/Routing/Dispatcher.php(161): Dispatcher->_invoke(Object(UsersController), Object(CakeRequest), Object(CakeResponse))
#2 /Users/waitonza/Desktop/AppFog/Healthcert/app/webroot/index.php(92): Dispatcher->dispatch(Object(CakeRequest), Object(CakeResponse))
#3 {main}
2012-09-30 02:25:03 Error: [MissingViewException] View file "/Users/waitonza/Desktop/AppFog/Healthcert/app/View/Users/export_regis.ctp" is missing.
#0 /Users/waitonza/Desktop/AppFog/Healthcert/lib/Cake/View/View.php(472): View->_getViewFileName(NULL)
#1 /Users/waitonza/Desktop/AppFog/Healthcert/lib/Cake/Controller/Controller.php(957): View->render(NULL, NULL)
#2 /Users/waitonza/Desktop/AppFog/Healthcert/lib/Cake/Routing/Dispatcher.php(193): Controller->render()
#3 /Users/waitonza/Desktop/AppFog/Healthcert/lib/Cake/Routing/Dispatcher.php(161): Dispatcher->_invoke(Object(UsersController), Object(CakeRequest), Object(CakeResponse))
#4 /Users/waitonza/Desktop/AppFog/Healthcert/app/webroot/index.php(92): Dispatcher->dispatch(Object(CakeRequest), Object(CakeResponse))
#5 {main}
2012-09-30 02:25:03 Error: [MissingActionException] Action UsersController::img() could not be found.
#0 /Users/waitonza/Desktop/AppFog/Healthcert/lib/Cake/Routing/Dispatcher.php(186): Controller->invokeAction(Object(CakeRequest))
#1 /Users/waitonza/Desktop/AppFog/Healthcert/lib/Cake/Routing/Dispatcher.php(161): Dispatcher->_invoke(Object(UsersController), Object(CakeRequest), Object(CakeResponse))
#2 /Users/waitonza/Desktop/AppFog/Healthcert/app/webroot/index.php(92): Dispatcher->dispatch(Object(CakeRequest), Object(CakeResponse))
#3 {main}
2012-09-30 02:25:09 Error: [MissingViewException] View file "/Users/waitonza/Desktop/AppFog/Healthcert/app/View/Users/export_regis.ctp" is missing.
#0 /Users/waitonza/Desktop/AppFog/Healthcert/lib/Cake/View/View.php(472): View->_getViewFileName(NULL)
#1 /Users/waitonza/Desktop/AppFog/Healthcert/lib/Cake/Controller/Controller.php(957): View->render(NULL, NULL)
#2 /Users/waitonza/Desktop/AppFog/Healthcert/lib/Cake/Routing/Dispatcher.php(193): Controller->render()
#3 /Users/waitonza/Desktop/AppFog/Healthcert/lib/Cake/Routing/Dispatcher.php(161): Dispatcher->_invoke(Object(UsersController), Object(CakeRequest), Object(CakeResponse))
#4 /Users/waitonza/Desktop/AppFog/Healthcert/app/webroot/index.php(92): Dispatcher->dispatch(Object(CakeRequest), Object(CakeResponse))
#5 {main}
2012-09-30 02:25:09 Error: [MissingActionException] Action UsersController::img() could not be found.
#0 /Users/waitonza/Desktop/AppFog/Healthcert/lib/Cake/Routing/Dispatcher.php(186): Controller->invokeAction(Object(CakeRequest))
#1 /Users/waitonza/Desktop/AppFog/Healthcert/lib/Cake/Routing/Dispatcher.php(161): Dispatcher->_invoke(Object(UsersController), Object(CakeRequest), Object(CakeResponse))
#2 /Users/waitonza/Desktop/AppFog/Healthcert/app/webroot/index.php(92): Dispatcher->dispatch(Object(CakeRequest), Object(CakeResponse))
#3 {main}
2012-09-30 02:25:13 Error: [MissingActionException] Action UsersController::forget_pass() could not be found.
#0 /Users/waitonza/Desktop/AppFog/Healthcert/lib/Cake/Routing/Dispatcher.php(186): Controller->invokeAction(Object(CakeRequest))
#1 /Users/waitonza/Desktop/AppFog/Healthcert/lib/Cake/Routing/Dispatcher.php(161): Dispatcher->_invoke(Object(UsersController), Object(CakeRequest), Object(CakeResponse))
#2 /Users/waitonza/Desktop/AppFog/Healthcert/app/webroot/index.php(92): Dispatcher->dispatch(Object(CakeRequest), Object(CakeResponse))
#3 {main}
2012-09-30 02:25:13 Error: [MissingActionException] Action UsersController::img() could not be found.
#0 /Users/waitonza/Desktop/AppFog/Healthcert/lib/Cake/Routing/Dispatcher.php(186): Controller->invokeAction(Object(CakeRequest))
#1 /Users/waitonza/Desktop/AppFog/Healthcert/lib/Cake/Routing/Dispatcher.php(161): Dispatcher->_invoke(Object(UsersController), Object(CakeRequest), Object(CakeResponse))
#2 /Users/waitonza/Desktop/AppFog/Healthcert/app/webroot/index.php(92): Dispatcher->dispatch(Object(CakeRequest), Object(CakeResponse))
#3 {main}
2012-09-30 02:25:32 Error: [MissingActionException] Action UsersController::forget_pass() could not be found.
#0 /Users/waitonza/Desktop/AppFog/Healthcert/lib/Cake/Routing/Dispatcher.php(186): Controller->invokeAction(Object(CakeRequest))
#1 /Users/waitonza/Desktop/AppFog/Healthcert/lib/Cake/Routing/Dispatcher.php(161): Dispatcher->_invoke(Object(UsersController), Object(CakeRequest), Object(CakeResponse))
#2 /Users/waitonza/Desktop/AppFog/Healthcert/app/webroot/index.php(92): Dispatcher->dispatch(Object(CakeRequest), Object(CakeResponse))
#3 {main}
2012-09-30 02:25:32 Error: [MissingActionException] Action UsersController::img() could not be found.
#0 /Users/waitonza/Desktop/AppFog/Healthcert/lib/Cake/Routing/Dispatcher.php(186): Controller->invokeAction(Object(CakeRequest))
#1 /Users/waitonza/Desktop/AppFog/Healthcert/lib/Cake/Routing/Dispatcher.php(161): Dispatcher->_invoke(Object(UsersController), Object(CakeRequest), Object(CakeResponse))
#2 /Users/waitonza/Desktop/AppFog/Healthcert/app/webroot/index.php(92): Dispatcher->dispatch(Object(CakeRequest), Object(CakeResponse))
#3 {main}
2012-09-30 02:54:15 Error: [MissingViewException] View file "/Users/waitonza/Desktop/AppFog/Healthcert/app/View/Users/export_regis.ctp" is missing.
#0 /Users/waitonza/Desktop/AppFog/Healthcert/lib/Cake/View/View.php(472): View->_getViewFileName(NULL)
#1 /Users/waitonza/Desktop/AppFog/Healthcert/lib/Cake/Controller/Controller.php(957): View->render(NULL, NULL)
#2 /Users/waitonza/Desktop/AppFog/Healthcert/lib/Cake/Routing/Dispatcher.php(193): Controller->render()
#3 /Users/waitonza/Desktop/AppFog/Healthcert/lib/Cake/Routing/Dispatcher.php(161): Dispatcher->_invoke(Object(UsersController), Object(CakeRequest), Object(CakeResponse))
#4 /Users/waitonza/Desktop/AppFog/Healthcert/app/webroot/index.php(92): Dispatcher->dispatch(Object(CakeRequest), Object(CakeResponse))
#5 {main}
2012-09-30 02:54:15 Error: [MissingActionException] Action UsersController::img() could not be found.
#0 /Users/waitonza/Desktop/AppFog/Healthcert/lib/Cake/Routing/Dispatcher.php(186): Controller->invokeAction(Object(CakeRequest))
#1 /Users/waitonza/Desktop/AppFog/Healthcert/lib/Cake/Routing/Dispatcher.php(161): Dispatcher->_invoke(Object(UsersController), Object(CakeRequest), Object(CakeResponse))
#2 /Users/waitonza/Desktop/AppFog/Healthcert/app/webroot/index.php(92): Dispatcher->dispatch(Object(CakeRequest), Object(CakeResponse))
#3 {main}
2012-09-30 02:54:17 Error: [MissingActionException] Action UsersController::forget_pass() could not be found.
#0 /Users/waitonza/Desktop/AppFog/Healthcert/lib/Cake/Routing/Dispatcher.php(186): Controller->invokeAction(Object(CakeRequest))
#1 /Users/waitonza/Desktop/AppFog/Healthcert/lib/Cake/Routing/Dispatcher.php(161): Dispatcher->_invoke(Object(UsersController), Object(CakeRequest), Object(CakeResponse))
#2 /Users/waitonza/Desktop/AppFog/Healthcert/app/webroot/index.php(92): Dispatcher->dispatch(Object(CakeRequest), Object(CakeResponse))
#3 {main}
2012-09-30 02:54:17 Error: [MissingActionException] Action UsersController::img() could not be found.
#0 /Users/waitonza/Desktop/AppFog/Healthcert/lib/Cake/Routing/Dispatcher.php(186): Controller->invokeAction(Object(CakeRequest))
#1 /Users/waitonza/Desktop/AppFog/Healthcert/lib/Cake/Routing/Dispatcher.php(161): Dispatcher->_invoke(Object(UsersController), Object(CakeRequest), Object(CakeResponse))
#2 /Users/waitonza/Desktop/AppFog/Healthcert/app/webroot/index.php(92): Dispatcher->dispatch(Object(CakeRequest), Object(CakeResponse))
#3 {main}
2012-09-30 02:54:25 Error: [MissingActionException] Action UsersController::img() could not be found.
#0 /Users/waitonza/Desktop/AppFog/Healthcert/lib/Cake/Routing/Dispatcher.php(186): Controller->invokeAction(Object(CakeRequest))
#1 /Users/waitonza/Desktop/AppFog/Healthcert/lib/Cake/Routing/Dispatcher.php(161): Dispatcher->_invoke(Object(UsersController), Object(CakeRequest), Object(CakeResponse))
#2 /Users/waitonza/Desktop/AppFog/Healthcert/app/webroot/index.php(92): Dispatcher->dispatch(Object(CakeRequest), Object(CakeResponse))
#3 {main}
2012-09-30 02:54:25 Error: [MissingActionException] Action UsersController::img() could not be found.
#0 /Users/waitonza/Desktop/AppFog/Healthcert/lib/Cake/Routing/Dispatcher.php(186): Controller->invokeAction(Object(CakeRequest))
#1 /Users/waitonza/Desktop/AppFog/Healthcert/lib/Cake/Routing/Dispatcher.php(161): Dispatcher->_invoke(Object(UsersController), Object(CakeRequest), Object(CakeResponse))
#2 /Users/waitonza/Desktop/AppFog/Healthcert/app/webroot/index.php(92): Dispatcher->dispatch(Object(CakeRequest), Object(CakeResponse))
#3 {main}
2012-09-30 02:54:36 Error: [MissingActionException] Action UsersController::img() could not be found.
#0 /Users/waitonza/Desktop/AppFog/Healthcert/lib/Cake/Routing/Dispatcher.php(186): Controller->invokeAction(Object(CakeRequest))
#1 /Users/waitonza/Desktop/AppFog/Healthcert/lib/Cake/Routing/Dispatcher.php(161): Dispatcher->_invoke(Object(UsersController), Object(CakeRequest), Object(CakeResponse))
#2 /Users/waitonza/Desktop/AppFog/Healthcert/app/webroot/index.php(92): Dispatcher->dispatch(Object(CakeRequest), Object(CakeResponse))
#3 {main}
2012-09-30 02:54:36 Error: [MissingActionException] Action UsersController::img() could not be found.
#0 /Users/waitonza/Desktop/AppFog/Healthcert/lib/Cake/Routing/Dispatcher.php(186): Controller->invokeAction(Object(CakeRequest))
#1 /Users/waitonza/Desktop/AppFog/Healthcert/lib/Cake/Routing/Dispatcher.php(161): Dispatcher->_invoke(Object(UsersController), Object(CakeRequest), Object(CakeResponse))
#2 /Users/waitonza/Desktop/AppFog/Healthcert/app/webroot/index.php(92): Dispatcher->dispatch(Object(CakeRequest), Object(CakeResponse))
#3 {main}
2012-09-30 02:55:24 Error: [MissingViewException] View file "/Users/waitonza/Desktop/AppFog/Healthcert/app/View/Users/export_regis.ctp" is missing.
#0 /Users/waitonza/Desktop/AppFog/Healthcert/lib/Cake/View/View.php(472): View->_getViewFileName(NULL)
#1 /Users/waitonza/Desktop/AppFog/Healthcert/lib/Cake/Controller/Controller.php(957): View->render(NULL, NULL)
#2 /Users/waitonza/Desktop/AppFog/Healthcert/lib/Cake/Routing/Dispatcher.php(193): Controller->render()
#3 /Users/waitonza/Desktop/AppFog/Healthcert/lib/Cake/Routing/Dispatcher.php(161): Dispatcher->_invoke(Object(UsersController), Object(CakeRequest), Object(CakeResponse))
#4 /Users/waitonza/Desktop/AppFog/Healthcert/app/webroot/index.php(92): Dispatcher->dispatch(Object(CakeRequest), Object(CakeResponse))
#5 {main}
2012-09-30 02:55:24 Error: [MissingActionException] Action UsersController::img() could not be found.
#0 /Users/waitonza/Desktop/AppFog/Healthcert/lib/Cake/Routing/Dispatcher.php(186): Controller->invokeAction(Object(CakeRequest))
#1 /Users/waitonza/Desktop/AppFog/Healthcert/lib/Cake/Routing/Dispatcher.php(161): Dispatcher->_invoke(Object(UsersController), Object(CakeRequest), Object(CakeResponse))
#2 /Users/waitonza/Desktop/AppFog/Healthcert/app/webroot/index.php(92): Dispatcher->dispatch(Object(CakeRequest), Object(CakeResponse))
#3 {main}
2012-09-30 02:57:40 Error: [MissingViewException] View file "/Users/waitonza/Desktop/AppFog/Healthcert/app/View/Users/export_regis.ctp" is missing.
#0 /Users/waitonza/Desktop/AppFog/Healthcert/lib/Cake/View/View.php(472): View->_getViewFileName(NULL)
#1 /Users/waitonza/Desktop/AppFog/Healthcert/lib/Cake/Controller/Controller.php(957): View->render(NULL, NULL)
#2 /Users/waitonza/Desktop/AppFog/Healthcert/lib/Cake/Routing/Dispatcher.php(193): Controller->render()
#3 /Users/waitonza/Desktop/AppFog/Healthcert/lib/Cake/Routing/Dispatcher.php(161): Dispatcher->_invoke(Object(UsersController), Object(CakeRequest), Object(CakeResponse))
#4 /Users/waitonza/Desktop/AppFog/Healthcert/app/webroot/index.php(92): Dispatcher->dispatch(Object(CakeRequest), Object(CakeResponse))
#5 {main}
2012-09-30 03:00:12 Error: [MissingViewException] View file "/Users/waitonza/Desktop/AppFog/Healthcert/app/View/Users/export_regis.ctp" is missing.
#0 /Users/waitonza/Desktop/AppFog/Healthcert/lib/Cake/View/View.php(472): View->_getViewFileName(NULL)
#1 /Users/waitonza/Desktop/AppFog/Healthcert/lib/Cake/Controller/Controller.php(957): View->render(NULL, NULL)
#2 /Users/waitonza/Desktop/AppFog/Healthcert/lib/Cake/Routing/Dispatcher.php(193): Controller->render()
#3 /Users/waitonza/Desktop/AppFog/Healthcert/lib/Cake/Routing/Dispatcher.php(161): Dispatcher->_invoke(Object(UsersController), Object(CakeRequest), Object(CakeResponse))
#4 /Users/waitonza/Desktop/AppFog/Healthcert/app/webroot/index.php(92): Dispatcher->dispatch(Object(CakeRequest), Object(CakeResponse))
#5 {main}
2012-09-30 03:00:13 Error: [MissingViewException] View file "/Users/waitonza/Desktop/AppFog/Healthcert/app/View/Users/export_regis.ctp" is missing.
#0 /Users/waitonza/Desktop/AppFog/Healthcert/lib/Cake/View/View.php(472): View->_getViewFileName(NULL)
#1 /Users/waitonza/Desktop/AppFog/Healthcert/lib/Cake/Controller/Controller.php(957): View->render(NULL, NULL)
#2 /Users/waitonza/Desktop/AppFog/Healthcert/lib/Cake/Routing/Dispatcher.php(193): Controller->render()
#3 /Users/waitonza/Desktop/AppFog/Healthcert/lib/Cake/Routing/Dispatcher.php(161): Dispatcher->_invoke(Object(UsersController), Object(CakeRequest), Object(CakeResponse))
#4 /Users/waitonza/Desktop/AppFog/Healthcert/app/webroot/index.php(92): Dispatcher->dispatch(Object(CakeRequest), Object(CakeResponse))
#5 {main}
2012-09-30 03:00:47 Error: [MissingViewException] View file "/Users/waitonza/Desktop/AppFog/Healthcert/app/View/Users/export_regis.ctp" is missing.
#0 /Users/waitonza/Desktop/AppFog/Healthcert/lib/Cake/View/View.php(472): View->_getViewFileName(NULL)
#1 /Users/waitonza/Desktop/AppFog/Healthcert/lib/Cake/Controller/Controller.php(957): View->render(NULL, NULL)
#2 /Users/waitonza/Desktop/AppFog/Healthcert/lib/Cake/Routing/Dispatcher.php(193): Controller->render()
#3 /Users/waitonza/Desktop/AppFog/Healthcert/lib/Cake/Routing/Dispatcher.php(161): Dispatcher->_invoke(Object(UsersController), Object(CakeRequest), Object(CakeResponse))
#4 /Users/waitonza/Desktop/AppFog/Healthcert/app/webroot/index.php(92): Dispatcher->dispatch(Object(CakeRequest), Object(CakeResponse))
#5 {main}
2012-09-30 03:00:48 Error: [MissingViewException] View file "/Users/waitonza/Desktop/AppFog/Healthcert/app/View/Users/export_regis.ctp" is missing.
#0 /Users/waitonza/Desktop/AppFog/Healthcert/lib/Cake/View/View.php(472): View->_getViewFileName(NULL)
#1 /Users/waitonza/Desktop/AppFog/Healthcert/lib/Cake/Controller/Controller.php(957): View->render(NULL, NULL)
#2 /Users/waitonza/Desktop/AppFog/Healthcert/lib/Cake/Routing/Dispatcher.php(193): Controller->render()
#3 /Users/waitonza/Desktop/AppFog/Healthcert/lib/Cake/Routing/Dispatcher.php(161): Dispatcher->_invoke(Object(UsersController), Object(CakeRequest), Object(CakeResponse))
#4 /Users/waitonza/Desktop/AppFog/Healthcert/app/webroot/index.php(92): Dispatcher->dispatch(Object(CakeRequest), Object(CakeResponse))
#5 {main}
2012-09-30 03:00:49 Error: [MissingViewException] View file "/Users/waitonza/Desktop/AppFog/Healthcert/app/View/Users/export_regis.ctp" is missing.
#0 /Users/waitonza/Desktop/AppFog/Healthcert/lib/Cake/View/View.php(472): View->_getViewFileName(NULL)
#1 /Users/waitonza/Desktop/AppFog/Healthcert/lib/Cake/Controller/Controller.php(957): View->render(NULL, NULL)
#2 /Users/waitonza/Desktop/AppFog/Healthcert/lib/Cake/Routing/Dispatcher.php(193): Controller->render()
#3 /Users/waitonza/Desktop/AppFog/Healthcert/lib/Cake/Routing/Dispatcher.php(161): Dispatcher->_invoke(Object(UsersController), Object(CakeRequest), Object(CakeResponse))
#4 /Users/waitonza/Desktop/AppFog/Healthcert/app/webroot/index.php(92): Dispatcher->dispatch(Object(CakeRequest), Object(CakeResponse))
#5 {main}
2012-09-30 03:00:50 Error: [MissingViewException] View file "/Users/waitonza/Desktop/AppFog/Healthcert/app/View/Users/export_regis.ctp" is missing.
#0 /Users/waitonza/Desktop/AppFog/Healthcert/lib/Cake/View/View.php(472): View->_getViewFileName(NULL)
#1 /Users/waitonza/Desktop/AppFog/Healthcert/lib/Cake/Controller/Controller.php(957): View->render(NULL, NULL)
#2 /Users/waitonza/Desktop/AppFog/Healthcert/lib/Cake/Routing/Dispatcher.php(193): Controller->render()
#3 /Users/waitonza/Desktop/AppFog/Healthcert/lib/Cake/Routing/Dispatcher.php(161): Dispatcher->_invoke(Object(UsersController), Object(CakeRequest), Object(CakeResponse))
#4 /Users/waitonza/Desktop/AppFog/Healthcert/app/webroot/index.php(92): Dispatcher->dispatch(Object(CakeRequest), Object(CakeResponse))
#5 {main}
2012-09-30 03:00:56 Error: [MissingViewException] View file "/Users/waitonza/Desktop/AppFog/Healthcert/app/View/Users/export_regis.ctp" is missing.
#0 /Users/waitonza/Desktop/AppFog/Healthcert/lib/Cake/View/View.php(472): View->_getViewFileName(NULL)
#1 /Users/waitonza/Desktop/AppFog/Healthcert/lib/Cake/Controller/Controller.php(957): View->render(NULL, NULL)
#2 /Users/waitonza/Desktop/AppFog/Healthcert/lib/Cake/Routing/Dispatcher.php(193): Controller->render()
#3 /Users/waitonza/Desktop/AppFog/Healthcert/lib/Cake/Routing/Dispatcher.php(161): Dispatcher->_invoke(Object(UsersController), Object(CakeRequest), Object(CakeResponse))
#4 /Users/waitonza/Desktop/AppFog/Healthcert/app/webroot/index.php(92): Dispatcher->dispatch(Object(CakeRequest), Object(CakeResponse))
#5 {main}
2012-09-30 03:07:53 Error: [MissingActionException] Action UsersController::images() could not be found.
#0 /Users/waitonza/Desktop/AppFog/Healthcert/lib/Cake/Routing/Dispatcher.php(186): Controller->invokeAction(Object(CakeRequest))
#1 /Users/waitonza/Desktop/AppFog/Healthcert/lib/Cake/Routing/Dispatcher.php(161): Dispatcher->_invoke(Object(UsersController), Object(CakeRequest), Object(CakeResponse))
#2 /Users/waitonza/Desktop/AppFog/Healthcert/app/webroot/index.php(92): Dispatcher->dispatch(Object(CakeRequest), Object(CakeResponse))
#3 {main}
2012-09-30 03:07:53 Error: [MissingActionException] Action UsersController::images() could not be found.
#0 /Users/waitonza/Desktop/AppFog/Healthcert/lib/Cake/Routing/Dispatcher.php(186): Controller->invokeAction(Object(CakeRequest))
#1 /Users/waitonza/Desktop/AppFog/Healthcert/lib/Cake/Routing/Dispatcher.php(161): Dispatcher->_invoke(Object(UsersController), Object(CakeRequest), Object(CakeResponse))
#2 /Users/waitonza/Desktop/AppFog/Healthcert/app/webroot/index.php(92): Dispatcher->dispatch(Object(CakeRequest), Object(CakeResponse))
#3 {main}
2012-09-30 03:07:53 Error: [MissingActionException] Action UsersController::images() could not be found.
#0 /Users/waitonza/Desktop/AppFog/Healthcert/lib/Cake/Routing/Dispatcher.php(186): Controller->invokeAction(Object(CakeRequest))
#1 /Users/waitonza/Desktop/AppFog/Healthcert/lib/Cake/Routing/Dispatcher.php(161): Dispatcher->_invoke(Object(UsersController), Object(CakeRequest), Object(CakeResponse))
#2 /Users/waitonza/Desktop/AppFog/Healthcert/app/webroot/index.php(92): Dispatcher->dispatch(Object(CakeRequest), Object(CakeResponse))
#3 {main}
2012-09-30 03:07:53 Error: [MissingActionException] Action UsersController::images() could not be found.
#0 /Users/waitonza/Desktop/AppFog/Healthcert/lib/Cake/Routing/Dispatcher.php(186): Controller->invokeAction(Object(CakeRequest))
#1 /Users/waitonza/Desktop/AppFog/Healthcert/lib/Cake/Routing/Dispatcher.php(161): Dispatcher->_invoke(Object(UsersController), Object(CakeRequest), Object(CakeResponse))
#2 /Users/waitonza/Desktop/AppFog/Healthcert/app/webroot/index.php(92): Dispatcher->dispatch(Object(CakeRequest), Object(CakeResponse))
#3 {main}
2012-09-30 03:07:56 Error: [MissingActionException] Action UsersController::images() could not be found.
#0 /Users/waitonza/Desktop/AppFog/Healthcert/lib/Cake/Routing/Dispatcher.php(186): Controller->invokeAction(Object(CakeRequest))
#1 /Users/waitonza/Desktop/AppFog/Healthcert/lib/Cake/Routing/Dispatcher.php(161): Dispatcher->_invoke(Object(UsersController), Object(CakeRequest), Object(CakeResponse))
#2 /Users/waitonza/Desktop/AppFog/Healthcert/app/webroot/index.php(92): Dispatcher->dispatch(Object(CakeRequest), Object(CakeResponse))
#3 {main}
2012-09-30 03:07:56 Error: [MissingActionException] Action UsersController::images() could not be found.
#0 /Users/waitonza/Desktop/AppFog/Healthcert/lib/Cake/Routing/Dispatcher.php(186): Controller->invokeAction(Object(CakeRequest))
#1 /Users/waitonza/Desktop/AppFog/Healthcert/lib/Cake/Routing/Dispatcher.php(161): Dispatcher->_invoke(Object(UsersController), Object(CakeRequest), Object(CakeResponse))
#2 /Users/waitonza/Desktop/AppFog/Healthcert/app/webroot/index.php(92): Dispatcher->dispatch(Object(CakeRequest), Object(CakeResponse))
#3 {main}
2012-09-30 03:07:56 Error: [MissingActionException] Action UsersController::images() could not be found.
#0 /Users/waitonza/Desktop/AppFog/Healthcert/lib/Cake/Routing/Dispatcher.php(186): Controller->invokeAction(Object(CakeRequest))
#1 /Users/waitonza/Desktop/AppFog/Healthcert/lib/Cake/Routing/Dispatcher.php(161): Dispatcher->_invoke(Object(UsersController), Object(CakeRequest), Object(CakeResponse))
#2 /Users/waitonza/Desktop/AppFog/Healthcert/app/webroot/index.php(92): Dispatcher->dispatch(Object(CakeRequest), Object(CakeResponse))
#3 {main}
2012-09-30 03:07:56 Error: [MissingActionException] Action UsersController::images() could not be found.
#0 /Users/waitonza/Desktop/AppFog/Healthcert/lib/Cake/Routing/Dispatcher.php(186): Controller->invokeAction(Object(CakeRequest))
#1 /Users/waitonza/Desktop/AppFog/Healthcert/lib/Cake/Routing/Dispatcher.php(161): Dispatcher->_invoke(Object(UsersController), Object(CakeRequest), Object(CakeResponse))
#2 /Users/waitonza/Desktop/AppFog/Healthcert/app/webroot/index.php(92): Dispatcher->dispatch(Object(CakeRequest), Object(CakeResponse))
#3 {main}
2012-09-30 03:07:56 Error: [MissingActionException] Action UsersController::images() could not be found.
#0 /Users/waitonza/Desktop/AppFog/Healthcert/lib/Cake/Routing/Dispatcher.php(186): Controller->invokeAction(Object(CakeRequest))
#1 /Users/waitonza/Desktop/AppFog/Healthcert/lib/Cake/Routing/Dispatcher.php(161): Dispatcher->_invoke(Object(UsersController), Object(CakeRequest), Object(CakeResponse))
#2 /Users/waitonza/Desktop/AppFog/Healthcert/app/webroot/index.php(92): Dispatcher->dispatch(Object(CakeRequest), Object(CakeResponse))
#3 {main}
2012-09-30 03:07:56 Error: [MissingActionException] Action UsersController::images() could not be found.
#0 /Users/waitonza/Desktop/AppFog/Healthcert/lib/Cake/Routing/Dispatcher.php(186): Controller->invokeAction(Object(CakeRequest))
#1 /Users/waitonza/Desktop/AppFog/Healthcert/lib/Cake/Routing/Dispatcher.php(161): Dispatcher->_invoke(Object(UsersController), Object(CakeRequest), Object(CakeResponse))
#2 /Users/waitonza/Desktop/AppFog/Healthcert/app/webroot/index.php(92): Dispatcher->dispatch(Object(CakeRequest), Object(CakeResponse))
#3 {main}
2012-09-30 03:07:56 Error: [MissingActionException] Action UsersController::images() could not be found.
#0 /Users/waitonza/Desktop/AppFog/Healthcert/lib/Cake/Routing/Dispatcher.php(186): Controller->invokeAction(Object(CakeRequest))
#1 /Users/waitonza/Desktop/AppFog/Healthcert/lib/Cake/Routing/Dispatcher.php(161): Dispatcher->_invoke(Object(UsersController), Object(CakeRequest), Object(CakeResponse))
#2 /Users/waitonza/Desktop/AppFog/Healthcert/app/webroot/index.php(92): Dispatcher->dispatch(Object(CakeRequest), Object(CakeResponse))
#3 {main}
2012-09-30 03:07:56 Error: [MissingActionException] Action UsersController::images() could not be found.
#0 /Users/waitonza/Desktop/AppFog/Healthcert/lib/Cake/Routing/Dispatcher.php(186): Controller->invokeAction(Object(CakeRequest))
#1 /Users/waitonza/Desktop/AppFog/Healthcert/lib/Cake/Routing/Dispatcher.php(161): Dispatcher->_invoke(Object(UsersController), Object(CakeRequest), Object(CakeResponse))
#2 /Users/waitonza/Desktop/AppFog/Healthcert/app/webroot/index.php(92): Dispatcher->dispatch(Object(CakeRequest), Object(CakeResponse))
#3 {main}
2012-09-30 10:31:17 Error: [MissingActionException] Action UsersController::img() could not be found.
#0 /Users/waitonza/Desktop/AppFog/Healthcert/lib/Cake/Routing/Dispatcher.php(186): Controller->invokeAction(Object(CakeRequest))
#1 /Users/waitonza/Desktop/AppFog/Healthcert/lib/Cake/Routing/Dispatcher.php(161): Dispatcher->_invoke(Object(UsersController), Object(CakeRequest), Object(CakeResponse))
#2 /Users/waitonza/Desktop/AppFog/Healthcert/app/webroot/index.php(92): Dispatcher->dispatch(Object(CakeRequest), Object(CakeResponse))
#3 {main}
2012-09-30 10:31:17 Error: [MissingActionException] Action UsersController::img() could not be found.
#0 /Users/waitonza/Desktop/AppFog/Healthcert/lib/Cake/Routing/Dispatcher.php(186): Controller->invokeAction(Object(CakeRequest))
#1 /Users/waitonza/Desktop/AppFog/Healthcert/lib/Cake/Routing/Dispatcher.php(161): Dispatcher->_invoke(Object(UsersController), Object(CakeRequest), Object(CakeResponse))
#2 /Users/waitonza/Desktop/AppFog/Healthcert/app/webroot/index.php(92): Dispatcher->dispatch(Object(CakeRequest), Object(CakeResponse))
#3 {main}
2012-09-30 10:31:19 Error: [MissingActionException] Action UsersController::img() could not be found.
#0 /Users/waitonza/Desktop/AppFog/Healthcert/lib/Cake/Routing/Dispatcher.php(186): Controller->invokeAction(Object(CakeRequest))
#1 /Users/waitonza/Desktop/AppFog/Healthcert/lib/Cake/Routing/Dispatcher.php(161): Dispatcher->_invoke(Object(UsersController), Object(CakeRequest), Object(CakeResponse))
#2 /Users/waitonza/Desktop/AppFog/Healthcert/app/webroot/index.php(92): Dispatcher->dispatch(Object(CakeRequest), Object(CakeResponse))
#3 {main}
2012-09-30 10:31:19 Error: [MissingActionException] Action UsersController::img() could not be found.
#0 /Users/waitonza/Desktop/AppFog/Healthcert/lib/Cake/Routing/Dispatcher.php(186): Controller->invokeAction(Object(CakeRequest))
#1 /Users/waitonza/Desktop/AppFog/Healthcert/lib/Cake/Routing/Dispatcher.php(161): Dispatcher->_invoke(Object(UsersController), Object(CakeRequest), Object(CakeResponse))
#2 /Users/waitonza/Desktop/AppFog/Healthcert/app/webroot/index.php(92): Dispatcher->dispatch(Object(CakeRequest), Object(CakeResponse))
#3 {main}
2012-09-30 10:31:20 Error: [MissingActionException] Action UsersController::img() could not be found.
#0 /Users/waitonza/Desktop/AppFog/Healthcert/lib/Cake/Routing/Dispatcher.php(186): Controller->invokeAction(Object(CakeRequest))
#1 /Users/waitonza/Desktop/AppFog/Healthcert/lib/Cake/Routing/Dispatcher.php(161): Dispatcher->_invoke(Object(UsersController), Object(CakeRequest), Object(CakeResponse))
#2 /Users/waitonza/Desktop/AppFog/Healthcert/app/webroot/index.php(92): Dispatcher->dispatch(Object(CakeRequest), Object(CakeResponse))
#3 {main}
2012-09-30 10:31:20 Error: [MissingActionException] Action UsersController::img() could not be found.
#0 /Users/waitonza/Desktop/AppFog/Healthcert/lib/Cake/Routing/Dispatcher.php(186): Controller->invokeAction(Object(CakeRequest))
#1 /Users/waitonza/Desktop/AppFog/Healthcert/lib/Cake/Routing/Dispatcher.php(161): Dispatcher->_invoke(Object(UsersController), Object(CakeRequest), Object(CakeResponse))
#2 /Users/waitonza/Desktop/AppFog/Healthcert/app/webroot/index.php(92): Dispatcher->dispatch(Object(CakeRequest), Object(CakeResponse))
#3 {main}
2012-09-30 10:31:21 Error: [MissingActionException] Action UsersController::img() could not be found.
#0 /Users/waitonza/Desktop/AppFog/Healthcert/lib/Cake/Routing/Dispatcher.php(186): Controller->invokeAction(Object(CakeRequest))
#1 /Users/waitonza/Desktop/AppFog/Healthcert/lib/Cake/Routing/Dispatcher.php(161): Dispatcher->_invoke(Object(UsersController), Object(CakeRequest), Object(CakeResponse))
#2 /Users/waitonza/Desktop/AppFog/Healthcert/app/webroot/index.php(92): Dispatcher->dispatch(Object(CakeRequest), Object(CakeResponse))
#3 {main}
2012-09-30 10:31:21 Error: [MissingActionException] Action UsersController::img() could not be found.
#0 /Users/waitonza/Desktop/AppFog/Healthcert/lib/Cake/Routing/Dispatcher.php(186): Controller->invokeAction(Object(CakeRequest))
#1 /Users/waitonza/Desktop/AppFog/Healthcert/lib/Cake/Routing/Dispatcher.php(161): Dispatcher->_invoke(Object(UsersController), Object(CakeRequest), Object(CakeResponse))
#2 /Users/waitonza/Desktop/AppFog/Healthcert/app/webroot/index.php(92): Dispatcher->dispatch(Object(CakeRequest), Object(CakeResponse))
#3 {main}
2012-09-30 10:31:26 Error: [MissingActionException] Action UsersController::forget_pass() could not be found.
#0 /Users/waitonza/Desktop/AppFog/Healthcert/lib/Cake/Routing/Dispatcher.php(186): Controller->invokeAction(Object(CakeRequest))
#1 /Users/waitonza/Desktop/AppFog/Healthcert/lib/Cake/Routing/Dispatcher.php(161): Dispatcher->_invoke(Object(UsersController), Object(CakeRequest), Object(CakeResponse))
#2 /Users/waitonza/Desktop/AppFog/Healthcert/app/webroot/index.php(92): Dispatcher->dispatch(Object(CakeRequest), Object(CakeResponse))
#3 {main}
2012-09-30 10:42:52 Error: Fatal Error (1): Call to a member function submit() on a non-object in [/Users/waitonza/Desktop/AppFog/Healthcert/app/View/Users/index.ctp, line 26]
2012-09-30 10:42:52 Error: [FatalErrorException] Call to a member function submit() on a non-object
#0 /Users/waitonza/Desktop/AppFog/Healthcert/lib/Cake/Error/ErrorHandler.php(162): ErrorHandler::handleFatalError(1, 'Call to a membe...', '/Users/waitonza...', 26)
#1 [internal function]: ErrorHandler::handleError(1, 'Call to a membe...', '/Users/waitonza...', 26, Array)
#2 /Users/waitonza/Desktop/AppFog/Healthcert/lib/Cake/Core/App.php(926): call_user_func('ErrorHandler::h...', 1, 'Call to a membe...', '/Users/waitonza...', 26, Array)
#3 /Users/waitonza/Desktop/AppFog/Healthcert/lib/Cake/Core/App.php(899): App::_checkFatalError()
#4 [internal function]: App::shutdown()
#5 {main}
2012-09-30 10:49:04 Error: [MissingActionException] Action UsersController::js() could not be found.
#0 /Users/waitonza/Desktop/AppFog/Healthcert/lib/Cake/Routing/Dispatcher.php(186): Controller->invokeAction(Object(CakeRequest))
#1 /Users/waitonza/Desktop/AppFog/Healthcert/lib/Cake/Routing/Dispatcher.php(161): Dispatcher->_invoke(Object(UsersController), Object(CakeRequest), Object(CakeResponse))
#2 /Users/waitonza/Desktop/AppFog/Healthcert/app/webroot/index.php(92): Dispatcher->dispatch(Object(CakeRequest), Object(CakeResponse))
#3 {main}
2012-09-30 10:49:40 Error: [MissingActionException] Action UsersController::js() could not be found.
#0 /Users/waitonza/Desktop/AppFog/Healthcert/lib/Cake/Routing/Dispatcher.php(186): Controller->invokeAction(Object(CakeRequest))
#1 /Users/waitonza/Desktop/AppFog/Healthcert/lib/Cake/Routing/Dispatcher.php(161): Dispatcher->_invoke(Object(UsersController), Object(CakeRequest), Object(CakeResponse))
#2 /Users/waitonza/Desktop/AppFog/Healthcert/app/webroot/index.php(92): Dispatcher->dispatch(Object(CakeRequest), Object(CakeResponse))
#3 {main}
2012-09-30 10:49:46 Error: [MissingActionException] Action UsersController::js() could not be found.
#0 /Users/waitonza/Desktop/AppFog/Healthcert/lib/Cake/Routing/Dispatcher.php(186): Controller->invokeAction(Object(CakeRequest))
#1 /Users/waitonza/Desktop/AppFog/Healthcert/lib/Cake/Routing/Dispatcher.php(161): Dispatcher->_invoke(Object(UsersController), Object(CakeRequest), Object(CakeResponse))
#2 /Users/waitonza/Desktop/AppFog/Healthcert/app/webroot/index.php(92): Dispatcher->dispatch(Object(CakeRequest), Object(CakeResponse))
#3 {main}
2012-09-30 10:50:46 Error: [MissingActionException] Action UsersController::js() could not be found.
#0 /Users/waitonza/Desktop/AppFog/Healthcert/lib/Cake/Routing/Dispatcher.php(186): Controller->invokeAction(Object(CakeRequest))
#1 /Users/waitonza/Desktop/AppFog/Healthcert/lib/Cake/Routing/Dispatcher.php(161): Dispatcher->_invoke(Object(UsersController), Object(CakeRequest), Object(CakeResponse))
#2 /Users/waitonza/Desktop/AppFog/Healthcert/app/webroot/index.php(92): Dispatcher->dispatch(Object(CakeRequest), Object(CakeResponse))
#3 {main}
2012-09-30 10:51:09 Error: [MissingActionException] Action UsersController::js() could not be found.
#0 /Users/waitonza/Desktop/AppFog/Healthcert/lib/Cake/Routing/Dispatcher.php(186): Controller->invokeAction(Object(CakeRequest))
#1 /Users/waitonza/Desktop/AppFog/Healthcert/lib/Cake/Routing/Dispatcher.php(161): Dispatcher->_invoke(Object(UsersController), Object(CakeRequest), Object(CakeResponse))
#2 /Users/waitonza/Desktop/AppFog/Healthcert/app/webroot/index.php(92): Dispatcher->dispatch(Object(CakeRequest), Object(CakeResponse))
#3 {main}
2012-09-30 10:51:10 Error: [MissingActionException] Action UsersController::js() could not be found.
#0 /Users/waitonza/Desktop/AppFog/Healthcert/lib/Cake/Routing/Dispatcher.php(186): Controller->invokeAction(Object(CakeRequest))
#1 /Users/waitonza/Desktop/AppFog/Healthcert/lib/Cake/Routing/Dispatcher.php(161): Dispatcher->_invoke(Object(UsersController), Object(CakeRequest), Object(CakeResponse))
#2 /Users/waitonza/Desktop/AppFog/Healthcert/app/webroot/index.php(92): Dispatcher->dispatch(Object(CakeRequest), Object(CakeResponse))
#3 {main}
2012-09-30 10:51:34 Error: [MissingActionException] Action UsersController::js() could not be found.
#0 /Users/waitonza/Desktop/AppFog/Healthcert/lib/Cake/Routing/Dispatcher.php(186): Controller->invokeAction(Object(CakeRequest))
#1 /Users/waitonza/Desktop/AppFog/Healthcert/lib/Cake/Routing/Dispatcher.php(161): Dispatcher->_invoke(Object(UsersController), Object(CakeRequest), Object(CakeResponse))
#2 /Users/waitonza/Desktop/AppFog/Healthcert/app/webroot/index.php(92): Dispatcher->dispatch(Object(CakeRequest), Object(CakeResponse))
#3 {main}
2012-09-30 10:51:43 Error: [MissingActionException] Action UsersController::js() could not be found.
#0 /Users/waitonza/Desktop/AppFog/Healthcert/lib/Cake/Routing/Dispatcher.php(186): Controller->invokeAction(Object(CakeRequest))
#1 /Users/waitonza/Desktop/AppFog/Healthcert/lib/Cake/Routing/Dispatcher.php(161): Dispatcher->_invoke(Object(UsersController), Object(CakeRequest), Object(CakeResponse))
#2 /Users/waitonza/Desktop/AppFog/Healthcert/app/webroot/index.php(92): Dispatcher->dispatch(Object(CakeRequest), Object(CakeResponse))
#3 {main}
2012-09-30 10:51:50 Error: [MissingActionException] Action UsersController::js() could not be found.
#0 /Users/waitonza/Desktop/AppFog/Healthcert/lib/Cake/Routing/Dispatcher.php(186): Controller->invokeAction(Object(CakeRequest))
#1 /Users/waitonza/Desktop/AppFog/Healthcert/lib/Cake/Routing/Dispatcher.php(161): Dispatcher->_invoke(Object(UsersController), Object(CakeRequest), Object(CakeResponse))
#2 /Users/waitonza/Desktop/AppFog/Healthcert/app/webroot/index.php(92): Dispatcher->dispatch(Object(CakeRequest), Object(CakeResponse))
#3 {main}
2012-09-30 10:51:56 Error: [MissingActionException] Action UsersController::js() could not be found.
#0 /Users/waitonza/Desktop/AppFog/Healthcert/lib/Cake/Routing/Dispatcher.php(186): Controller->invokeAction(Object(CakeRequest))
#1 /Users/waitonza/Desktop/AppFog/Healthcert/lib/Cake/Routing/Dispatcher.php(161): Dispatcher->_invoke(Object(UsersController), Object(CakeRequest), Object(CakeResponse))
#2 /Users/waitonza/Desktop/AppFog/Healthcert/app/webroot/index.php(92): Dispatcher->dispatch(Object(CakeRequest), Object(CakeResponse))
#3 {main}
2012-09-30 10:51:58 Error: [MissingActionException] Action UsersController::js() could not be found.
#0 /Users/waitonza/Desktop/AppFog/Healthcert/lib/Cake/Routing/Dispatcher.php(186): Controller->invokeAction(Object(CakeRequest))
#1 /Users/waitonza/Desktop/AppFog/Healthcert/lib/Cake/Routing/Dispatcher.php(161): Dispatcher->_invoke(Object(UsersController), Object(CakeRequest), Object(CakeResponse))
#2 /Users/waitonza/Desktop/AppFog/Healthcert/app/webroot/index.php(92): Dispatcher->dispatch(Object(CakeRequest), Object(CakeResponse))
#3 {main}
2012-09-30 11:03:59 Error: Fatal Error (4): syntax error, unexpected ';' in [/Users/waitonza/Desktop/AppFog/Healthcert/app/View/Users/index.ctp, line 26]
2012-09-30 11:03:59 Error: [FatalErrorException] syntax error, unexpected ';'
#0 /Users/waitonza/Desktop/AppFog/Healthcert/lib/Cake/Error/ErrorHandler.php(162): ErrorHandler::handleFatalError(4, 'syntax error, u...', '/Users/waitonza...', 26)
#1 [internal function]: ErrorHandler::handleError(4, 'syntax error, u...', '/Users/waitonza...', 26, Array)
#2 /Users/waitonza/Desktop/AppFog/Healthcert/lib/Cake/Core/App.php(926): call_user_func('ErrorHandler::h...', 4, 'syntax error, u...', '/Users/waitonza...', 26, Array)
#3 /Users/waitonza/Desktop/AppFog/Healthcert/lib/Cake/Core/App.php(899): App::_checkFatalError()
#4 [internal function]: App::shutdown()
#5 {main}
2012-09-30 11:08:17 Error: [MissingActionException] Action UsersController::forget_pass() could not be found.
#0 /Users/waitonza/Desktop/AppFog/Healthcert/lib/Cake/Routing/Dispatcher.php(186): Controller->invokeAction(Object(CakeRequest))
#1 /Users/waitonza/Desktop/AppFog/Healthcert/lib/Cake/Routing/Dispatcher.php(161): Dispatcher->_invoke(Object(UsersController), Object(CakeRequest), Object(CakeResponse))
#2 /Users/waitonza/Desktop/AppFog/Healthcert/app/webroot/index.php(92): Dispatcher->dispatch(Object(CakeRequest), Object(CakeResponse))
#3 {main}
2012-09-30 11:37:27 Error: Fatal Error (1): Call to undefined method View::img() in [/Users/waitonza/Desktop/AppFog/Healthcert/app/View/Users/index.ctp, line 26]
2012-09-30 11:37:27 Error: [FatalErrorException] Call to undefined method View::img()
#0 /Users/waitonza/Desktop/AppFog/Healthcert/lib/Cake/Error/ErrorHandler.php(162): ErrorHandler::handleFatalError(1, 'Call to undefin...', '/Users/waitonza...', 26)
#1 [internal function]: ErrorHandler::handleError(1, 'Call to undefin...', '/Users/waitonza...', 26, Array)
#2 /Users/waitonza/Desktop/AppFog/Healthcert/lib/Cake/Core/App.php(926): call_user_func('ErrorHandler::h...', 1, 'Call to undefin...', '/Users/waitonza...', 26, Array)
#3 /Users/waitonza/Desktop/AppFog/Healthcert/lib/Cake/Core/App.php(899): App::_checkFatalError()
#4 [internal function]: App::shutdown()
#5 {main}
2012-09-30 11:46:29 Error: [MissingActionException] Action UsersController::forget_pass() could not be found.
#0 /Users/waitonza/Desktop/AppFog/Healthcert/lib/Cake/Routing/Dispatcher.php(186): Controller->invokeAction(Object(CakeRequest))
#1 /Users/waitonza/Desktop/AppFog/Healthcert/lib/Cake/Routing/Dispatcher.php(161): Dispatcher->_invoke(Object(UsersController), Object(CakeRequest), Object(CakeResponse))
#2 /Users/waitonza/Desktop/AppFog/Healthcert/app/webroot/index.php(92): Dispatcher->dispatch(Object(CakeRequest), Object(CakeResponse))
#3 {main}
2012-09-30 12:14:41 Error: [MissingActionException] Action UsersController::forget_pass() could not be found.
#0 /Users/waitonza/Desktop/AppFog/Healthcert/lib/Cake/Routing/Dispatcher.php(186): Controller->invokeAction(Object(CakeRequest))
#1 /Users/waitonza/Desktop/AppFog/Healthcert/lib/Cake/Routing/Dispatcher.php(161): Dispatcher->_invoke(Object(UsersController), Object(CakeRequest), Object(CakeResponse))
#2 /Users/waitonza/Desktop/AppFog/Healthcert/app/webroot/index.php(92): Dispatcher->dispatch(Object(CakeRequest), Object(CakeResponse))
#3 {main}
